#
# There is insufficient memory for the Java Runtime Environment to continue.
# Native memory allocation (malloc) failed to allocate 32744 bytes for ChunkPool::allocate
# Possible reasons:
#   The system is out of physical RAM or swap space
#   The process is running with CompressedOops enabled, and the Java Heap may be blocking the growth of the native heap
# Possible solutions:
#   Reduce memory load on the system
#   Increase physical memory or swap space
#   Check if swap backing store is full
#   Decrease Java heap size (-Xmx/-Xms)
#   Decrease number of Java threads
#   Decrease Java thread stack sizes (-Xss)
#   Set larger code cache with -XX:ReservedCodeCacheSize=
#   JVM is running with Unscaled Compressed Oops mode in which the Java heap is
#     placed in the first 4GB address space. The Java Heap base address is the
#     maximum limit for the native heap growth. Please use -XX:HeapBaseMinAddress
#     to set the Java Heap base and to place the Java Heap above 4GB virtual address.
# This output file may be truncated or incomplete.
#
#  Out of Memory Error (arena.cpp:78), pid=23460, tid=18084
#
# JRE version: Java(TM) SE Runtime Environment (17.0.10+11) (build 17.0.10+11-LTS-240)
# Java VM: Java HotSpot(TM) 64-Bit Server VM (17.0.10+11-LTS-240, mixed mode, sharing, tiered, compressed oops, compressed class ptrs, g1 gc, windows-amd64)
# No core dump will be written. Minidumps are not enabled by default on client versions of Windows
#

---------------  S U M M A R Y ------------

Command Line: -Xmx64m -Xms64m -Dorg.gradle.appname=gradlew org.gradle.wrapper.GradleWrapperMain app:installDebug -PreactNativeDevServerPort=8081

Host: 12th Gen Intel(R) Core(TM) i5-12600KF, 16 cores, 31G,  Windows 10 , 64 bit Build 19041 (10.0.19041.3636)
Time: Tue Mar  5 19:32:45 2024 Hora oficial do Brasil elapsed time: 0.232434 seconds (0d 0h 0m 0s)

---------------  T H R E A D  ---------------

Current thread (0x0000021d0cf7b630):  JavaThread "main" [_thread_in_vm, id=18084, stack(0x0000009473d00000,0x0000009473e00000)]

Stack: [0x0000009473d00000,0x0000009473e00000]
Native frames: (J=compiled Java code, j=interpreted, Vv=VM code, C=native code)
V  [jvm.dll+0x677a5a]
V  [jvm.dll+0x7d8b2d]
V  [jvm.dll+0x7da48e]
V  [jvm.dll+0x7daaf3]
V  [jvm.dll+0x2455ff]
V  [jvm.dll+0xaad50]
V  [jvm.dll+0xab09c]
V  [jvm.dll+0x1e8a61]
V  [jvm.dll+0x1e98b5]
V  [jvm.dll+0x1ea1fb]
V  [jvm.dll+0x1dfa01]
V  [jvm.dll+0x53d58c]
V  [jvm.dll+0x753438]
V  [jvm.dll+0x753524]
V  [jvm.dll+0x40babf]
V  [jvm.dll+0x411a89]
C  [java.dll+0x17ec]

Java frames: (J=compiled Java code, j=interpreted, Vv=VM code)
J 813  java.lang.ClassLoader.defineClass1(Ljava/lang/ClassLoader;Ljava/lang/String;[BIILjava/security/ProtectionDomain;Ljava/lang/String;)Ljava/lang/Class; java.base@17.0.10 (0 bytes) @ 0x0000021d1c3d7d63 [0x0000021d1c3d7ca0+0x00000000000000c3]
j  java.lang.ClassLoader.defineClass(Ljava/lang/String;[BIILjava/security/ProtectionDomain;)Ljava/lang/Class;+27 java.base@17.0.10
j  java.security.SecureClassLoader.defineClass(Ljava/lang/String;[BIILjava/security/CodeSource;)Ljava/lang/Class;+12 java.base@17.0.10
j  java.net.URLClassLoader.defineClass(Ljava/lang/String;Ljdk/internal/loader/Resource;)Ljava/lang/Class;+220 java.base@17.0.10
J 757 c1 java.net.URLClassLoader$1.run()Ljava/lang/Class; java.base@17.0.10 (81 bytes) @ 0x0000021d1494c75c [0x0000021d1494bb20+0x0000000000000c3c]
J 756 c1 java.net.URLClassLoader$1.run()Ljava/lang/Object; java.base@17.0.10 (5 bytes) @ 0x0000021d1494a744 [0x0000021d1494a6c0+0x0000000000000084]
J 629 c1 java.security.AccessController.doPrivileged(Ljava/security/PrivilegedExceptionAction;Ljava/security/AccessControlContext;)Ljava/lang/Object; java.base@17.0.10 (26 bytes) @ 0x0000021d148fdcfc [0x0000021d148fdb20+0x00000000000001dc]
J 754 c1 java.net.URLClassLoader.findClass(Ljava/lang/String;)Ljava/lang/Class; java.base@17.0.10 (47 bytes) @ 0x0000021d1494b09c [0x0000021d1494af00+0x000000000000019c]
J 670 c1 java.lang.ClassLoader.loadClass(Ljava/lang/String;Z)Ljava/lang/Class; java.base@17.0.10 (121 bytes) @ 0x0000021d14911874 [0x0000021d149112c0+0x00000000000005b4]
J 641 c1 java.lang.ClassLoader.loadClass(Ljava/lang/String;)Ljava/lang/Class; java.base@17.0.10 (7 bytes) @ 0x0000021d1490104c [0x0000021d14900f40+0x000000000000010c]
v  ~StubRoutines::call_stub
j  org.gradle.internal.buildevents.BuildExceptionReporter.<clinit>()V+7
v  ~StubRoutines::call_stub
j  org.gradle.launcher.cli.DefaultCommandLineActionFactory.convert(Ljava/util/List;)Lorg/gradle/launcher/bootstrap/CommandLineActionFactory$CommandLineExecution;+31
j  org.gradle.launcher.Main.doAction([Ljava/lang/String;Lorg/gradle/launcher/bootstrap/ExecutionListener;)V+8
j  org.gradle.launcher.bootstrap.EntryPoint.run([Ljava/lang/String;)V+12
v  ~StubRoutines::call_stub
j  jdk.internal.reflect.NativeMethodAccessorImpl.invoke0(Ljava/lang/reflect/Method;Ljava/lang/Object;[Ljava/lang/Object;)Ljava/lang/Object;+0 java.base@17.0.10
j  jdk.internal.reflect.NativeMethodAccessorImpl.invoke(Ljava/lang/Object;[Ljava/lang/Object;)Ljava/lang/Object;+133 java.base@17.0.10
j  jdk.internal.reflect.DelegatingMethodAccessorImpl.invoke(Ljava/lang/Object;[Ljava/lang/Object;)Ljava/lang/Object;+6 java.base@17.0.10
j  java.lang.reflect.Method.invoke(Ljava/lang/Object;[Ljava/lang/Object;)Ljava/lang/Object;+59 java.base@17.0.10
j  org.gradle.launcher.bootstrap.ProcessBootstrap.runNoExit(Ljava/lang/String;[Ljava/lang/String;)V+155
j  org.gradle.launcher.bootstrap.ProcessBootstrap.run(Ljava/lang/String;[Ljava/lang/String;)V+2
v  ~StubRoutines::call_stub
j  jdk.internal.reflect.NativeMethodAccessorImpl.invoke0(Ljava/lang/reflect/Method;Ljava/lang/Object;[Ljava/lang/Object;)Ljava/lang/Object;+0 java.base@17.0.10
j  jdk.internal.reflect.NativeMethodAccessorImpl.invoke(Ljava/lang/Object;[Ljava/lang/Object;)Ljava/lang/Object;+133 java.base@17.0.10
j  jdk.internal.reflect.DelegatingMethodAccessorImpl.invoke(Ljava/lang/Object;[Ljava/lang/Object;)Ljava/lang/Object;+6 java.base@17.0.10
j  java.lang.reflect.Method.invoke(Ljava/lang/Object;[Ljava/lang/Object;)Ljava/lang/Object;+59 java.base@17.0.10
j  org.gradle.launcher.GradleMain.main([Ljava/lang/String;)V+100
v  ~StubRoutines::call_stub
j  jdk.internal.reflect.NativeMethodAccessorImpl.invoke0(Ljava/lang/reflect/Method;Ljava/lang/Object;[Ljava/lang/Object;)Ljava/lang/Object;+0 java.base@17.0.10
j  jdk.internal.reflect.NativeMethodAccessorImpl.invoke(Ljava/lang/Object;[Ljava/lang/Object;)Ljava/lang/Object;+133 java.base@17.0.10
j  jdk.internal.reflect.DelegatingMethodAccessorImpl.invoke(Ljava/lang/Object;[Ljava/lang/Object;)Ljava/lang/Object;+6 java.base@17.0.10
j  java.lang.reflect.Method.invoke(Ljava/lang/Object;[Ljava/lang/Object;)Ljava/lang/Object;+59 java.base@17.0.10
j  org.gradle.wrapper.BootstrapMainStarter.start([Ljava/lang/String;Ljava/io/File;)V+105
j  org.gradle.wrapper.WrapperExecutor.execute([Ljava/lang/String;Lorg/gradle/wrapper/Install;Lorg/gradle/wrapper/BootstrapMainStarter;)V+14
j  org.gradle.wrapper.GradleWrapperMain.main([Ljava/lang/String;)V+206
v  ~StubRoutines::call_stub

---------------  P R O C E S S  ---------------

Threads class SMR info:
_java_thread_list=0x0000021d275f7e70, length=17, elements={
0x0000021d0cf7b630, 0x0000021d271860e0, 0x0000021d27186e70, 0x0000021d27198350,
0x0000021d2719bc40, 0x0000021d2719c510, 0x0000021d2719d1f0, 0x0000021d271a5640,
0x0000021d271b6d60, 0x0000021d271bb690, 0x0000021d273e3fe0, 0x0000021d27434860,
0x0000021d2743f410, 0x0000021d2743fb00, 0x0000021d27632700, 0x0000021d27633680,
0x0000021d27705480
}

Java Threads: ( => current thread )
=>0x0000021d0cf7b630 JavaThread "main" [_thread_in_vm, id=18084, stack(0x0000009473d00000,0x0000009473e00000)]
  0x0000021d271860e0 JavaThread "Reference Handler" daemon [_thread_blocked, id=17192, stack(0x0000009474800000,0x0000009474900000)]
  0x0000021d27186e70 JavaThread "Finalizer" daemon [_thread_blocked, id=20852, stack(0x0000009474900000,0x0000009474a00000)]
  0x0000021d27198350 JavaThread "Signal Dispatcher" daemon [_thread_blocked, id=19572, stack(0x0000009474a00000,0x0000009474b00000)]
  0x0000021d2719bc40 JavaThread "Attach Listener" daemon [_thread_blocked, id=6252, stack(0x0000009474b00000,0x0000009474c00000)]
  0x0000021d2719c510 JavaThread "Service Thread" daemon [_thread_blocked, id=18664, stack(0x0000009474c00000,0x0000009474d00000)]
  0x0000021d2719d1f0 JavaThread "Monitor Deflation Thread" daemon [_thread_blocked, id=18076, stack(0x0000009474d00000,0x0000009474e00000)]
  0x0000021d271a5640 JavaThread "C2 CompilerThread0" daemon [_thread_blocked, id=26392, stack(0x0000009474e00000,0x0000009474f00000)]
  0x0000021d271b6d60 JavaThread "C1 CompilerThread0" daemon [_thread_blocked, id=19676, stack(0x0000009474f00000,0x0000009475000000)]
  0x0000021d271bb690 JavaThread "Sweeper thread" daemon [_thread_blocked, id=384, stack(0x0000009475000000,0x0000009475100000)]
  0x0000021d273e3fe0 JavaThread "C1 CompilerThread1" daemon [_thread_blocked, id=3800, stack(0x0000009475100000,0x0000009475200000)]
  0x0000021d27434860 JavaThread "C1 CompilerThread2" daemon [_thread_blocked, id=24052, stack(0x0000009475200000,0x0000009475300000)]
  0x0000021d2743f410 JavaThread "Notification Thread" daemon [_thread_blocked, id=17536, stack(0x0000009475300000,0x0000009475400000)]
  0x0000021d2743fb00 JavaThread "Common-Cleaner" daemon [_thread_blocked, id=13372, stack(0x0000009475500000,0x0000009475600000)]
  0x0000021d27632700 JavaThread "C2 CompilerThread1" daemon [_thread_blocked, id=28284, stack(0x0000009475600000,0x0000009475700000)]
  0x0000021d27633680 JavaThread "C2 CompilerThread2" daemon [_thread_in_native, id=14672, stack(0x0000009475700000,0x0000009475800000)]
  0x0000021d27705480 JavaThread "C2 CompilerThread3" daemon [_thread_blocked, id=29560, stack(0x0000009475800000,0x0000009475900000)]

Other Threads:
  0x0000021d271801c0 VMThread "VM Thread" [stack: 0x0000009474700000,0x0000009474800000] [id=5056]
  0x0000021d0cfacf70 WatcherThread [stack: 0x0000009475400000,0x0000009475500000] [id=18756]
  0x0000021d0cf97c50 GCTaskThread "GC Thread#0" [stack: 0x0000009474200000,0x0000009474300000] [id=25240]
  0x0000021d0cf992b0 ConcurrentGCThread "G1 Main Marker" [stack: 0x0000009474300000,0x0000009474400000] [id=28540]
  0x0000021d0cf99bd0 ConcurrentGCThread "G1 Conc#0" [stack: 0x0000009474400000,0x0000009474500000] [id=29432]
  0x0000021d0d002240 ConcurrentGCThread "G1 Refine#0" [stack: 0x0000009474500000,0x0000009474600000] [id=29184]
  0x0000021d0d002b80 ConcurrentGCThread "G1 Service" [stack: 0x0000009474600000,0x0000009474700000] [id=11816]

Threads with active compile tasks:
C2 CompilerThread2      254  807  s!   4       jdk.internal.loader.URLClassPath::getLoader (194 bytes)

VM state: not at safepoint (normal execution)

VM Mutex/Monitor currently owned by a thread: None

Heap address: 0x00000000fc000000, size: 64 MB, Compressed Oops mode: 32-bit

CDS archive(s) mapped at: [0x0000021d28000000-0x0000021d28bd0000-0x0000021d28bd0000), size 12386304, SharedBaseAddress: 0x0000021d28000000, ArchiveRelocationMode: 1.
Compressed class space mapped at: 0x0000021d29000000-0x0000021d69000000, reserved size: 1073741824
Narrow klass base: 0x0000021d28000000, Narrow klass shift: 0, Narrow klass range: 0x100000000

GC Precious Log:
 CPUs: 16 total, 16 available
 Memory: 32606M
 Large Page Support: Disabled
 NUMA Support: Disabled
 Compressed Oops: Enabled (32-bit)
 Heap Region Size: 1M
 Heap Min Capacity: 64M
 Heap Initial Capacity: 64M
 Heap Max Capacity: 64M
 Pre-touch: Disabled
 Parallel Workers: 13
 Concurrent Workers: 3
 Concurrent Refinement Workers: 13
 Periodic GC: Disabled

Heap:
 garbage-first heap   total 65536K, used 23552K [0x00000000fc000000, 0x0000000100000000)
  region size 1024K, 21 young (21504K), 0 survivors (0K)
 Metaspace       used 2898K, committed 3008K, reserved 1114112K
  class space    used 303K, committed 384K, reserved 1048576K

Heap Regions: E=young(eden), S=young(survivor), O=old, HS=humongous(starts), HC=humongous(continues), CS=collection set, F=free, OA=open archive, CA=closed archive, TAMS=top-at-mark-start (previous, next)
|   0|0x00000000fc000000, 0x00000000fc100000, 0x00000000fc100000|100%|HS|  |TAMS 0x00000000fc000000, 0x00000000fc000000| Complete 
|   1|0x00000000fc100000, 0x00000000fc200000, 0x00000000fc200000|100%|HC|  |TAMS 0x00000000fc100000, 0x00000000fc100000| Complete 
|   2|0x00000000fc200000, 0x00000000fc300000, 0x00000000fc300000|100%|HC|  |TAMS 0x00000000fc200000, 0x00000000fc200000| Complete 
|   3|0x00000000fc300000, 0x00000000fc400000, 0x00000000fc400000|100%|HC|  |TAMS 0x00000000fc300000, 0x00000000fc300000| Complete 
|   4|0x00000000fc400000, 0x00000000fc400000, 0x00000000fc500000|  0%| F|  |TAMS 0x00000000fc400000, 0x00000000fc400000| Untracked 
|   5|0x00000000fc500000, 0x00000000fc500000, 0x00000000fc600000|  0%| F|  |TAMS 0x00000000fc500000, 0x00000000fc500000| Untracked 
|   6|0x00000000fc600000, 0x00000000fc600000, 0x00000000fc700000|  0%| F|  |TAMS 0x00000000fc600000, 0x00000000fc600000| Untracked 
|   7|0x00000000fc700000, 0x00000000fc700000, 0x00000000fc800000|  0%| F|  |TAMS 0x00000000fc700000, 0x00000000fc700000| Untracked 
|   8|0x00000000fc800000, 0x00000000fc800000, 0x00000000fc900000|  0%| F|  |TAMS 0x00000000fc800000, 0x00000000fc800000| Untracked 
|   9|0x00000000fc900000, 0x00000000fc900000, 0x00000000fca00000|  0%| F|  |TAMS 0x00000000fc900000, 0x00000000fc900000| Untracked 
|  10|0x00000000fca00000, 0x00000000fca00000, 0x00000000fcb00000|  0%| F|  |TAMS 0x00000000fca00000, 0x00000000fca00000| Untracked 
|  11|0x00000000fcb00000, 0x00000000fcb00000, 0x00000000fcc00000|  0%| F|  |TAMS 0x00000000fcb00000, 0x00000000fcb00000| Untracked 
|  12|0x00000000fcc00000, 0x00000000fcc00000, 0x00000000fcd00000|  0%| F|  |TAMS 0x00000000fcc00000, 0x00000000fcc00000| Untracked 
|  13|0x00000000fcd00000, 0x00000000fcd00000, 0x00000000fce00000|  0%| F|  |TAMS 0x00000000fcd00000, 0x00000000fcd00000| Untracked 
|  14|0x00000000fce00000, 0x00000000fce00000, 0x00000000fcf00000|  0%| F|  |TAMS 0x00000000fce00000, 0x00000000fce00000| Untracked 
|  15|0x00000000fcf00000, 0x00000000fcf00000, 0x00000000fd000000|  0%| F|  |TAMS 0x00000000fcf00000, 0x00000000fcf00000| Untracked 
|  16|0x00000000fd000000, 0x00000000fd000000, 0x00000000fd100000|  0%| F|  |TAMS 0x00000000fd000000, 0x00000000fd000000| Untracked 
|  17|0x00000000fd100000, 0x00000000fd100000, 0x00000000fd200000|  0%| F|  |TAMS 0x00000000fd100000, 0x00000000fd100000| Untracked 
|  18|0x00000000fd200000, 0x00000000fd200000, 0x00000000fd300000|  0%| F|  |TAMS 0x00000000fd200000, 0x00000000fd200000| Untracked 
|  19|0x00000000fd300000, 0x00000000fd300000, 0x00000000fd400000|  0%| F|  |TAMS 0x00000000fd300000, 0x00000000fd300000| Untracked 
|  20|0x00000000fd400000, 0x00000000fd400000, 0x00000000fd500000|  0%| F|  |TAMS 0x00000000fd400000, 0x00000000fd400000| Untracked 
|  21|0x00000000fd500000, 0x00000000fd500000, 0x00000000fd600000|  0%| F|  |TAMS 0x00000000fd500000, 0x00000000fd500000| Untracked 
|  22|0x00000000fd600000, 0x00000000fd600000, 0x00000000fd700000|  0%| F|  |TAMS 0x00000000fd600000, 0x00000000fd600000| Untracked 
|  23|0x00000000fd700000, 0x00000000fd700000, 0x00000000fd800000|  0%| F|  |TAMS 0x00000000fd700000, 0x00000000fd700000| Untracked 
|  24|0x00000000fd800000, 0x00000000fd800000, 0x00000000fd900000|  0%| F|  |TAMS 0x00000000fd800000, 0x00000000fd800000| Untracked 
|  25|0x00000000fd900000, 0x00000000fd900000, 0x00000000fda00000|  0%| F|  |TAMS 0x00000000fd900000, 0x00000000fd900000| Untracked 
|  26|0x00000000fda00000, 0x00000000fda00000, 0x00000000fdb00000|  0%| F|  |TAMS 0x00000000fda00000, 0x00000000fda00000| Untracked 
|  27|0x00000000fdb00000, 0x00000000fdb00000, 0x00000000fdc00000|  0%| F|  |TAMS 0x00000000fdb00000, 0x00000000fdb00000| Untracked 
|  28|0x00000000fdc00000, 0x00000000fdc00000, 0x00000000fdd00000|  0%| F|  |TAMS 0x00000000fdc00000, 0x00000000fdc00000| Untracked 
|  29|0x00000000fdd00000, 0x00000000fdd00000, 0x00000000fde00000|  0%| F|  |TAMS 0x00000000fdd00000, 0x00000000fdd00000| Untracked 
|  30|0x00000000fde00000, 0x00000000fde00000, 0x00000000fdf00000|  0%| F|  |TAMS 0x00000000fde00000, 0x00000000fde00000| Untracked 
|  31|0x00000000fdf00000, 0x00000000fdf00000, 0x00000000fe000000|  0%| F|  |TAMS 0x00000000fdf00000, 0x00000000fdf00000| Untracked 
|  32|0x00000000fe000000, 0x00000000fe000000, 0x00000000fe100000|  0%| F|  |TAMS 0x00000000fe000000, 0x00000000fe000000| Untracked 
|  33|0x00000000fe100000, 0x00000000fe100000, 0x00000000fe200000|  0%| F|  |TAMS 0x00000000fe100000, 0x00000000fe100000| Untracked 
|  34|0x00000000fe200000, 0x00000000fe200000, 0x00000000fe300000|  0%| F|  |TAMS 0x00000000fe200000, 0x00000000fe200000| Untracked 
|  35|0x00000000fe300000, 0x00000000fe300000, 0x00000000fe400000|  0%| F|  |TAMS 0x00000000fe300000, 0x00000000fe300000| Untracked 
|  36|0x00000000fe400000, 0x00000000fe400000, 0x00000000fe500000|  0%| F|  |TAMS 0x00000000fe400000, 0x00000000fe400000| Untracked 
|  37|0x00000000fe500000, 0x00000000fe500000, 0x00000000fe600000|  0%| F|  |TAMS 0x00000000fe500000, 0x00000000fe500000| Untracked 
|  38|0x00000000fe600000, 0x00000000fe600000, 0x00000000fe700000|  0%| F|  |TAMS 0x00000000fe600000, 0x00000000fe600000| Untracked 
|  39|0x00000000fe700000, 0x00000000fe700000, 0x00000000fe800000|  0%| F|  |TAMS 0x00000000fe700000, 0x00000000fe700000| Untracked 
|  40|0x00000000fe800000, 0x00000000fe800000, 0x00000000fe900000|  0%| F|  |TAMS 0x00000000fe800000, 0x00000000fe800000| Untracked 
|  41|0x00000000fe900000, 0x00000000fe900000, 0x00000000fea00000|  0%| F|  |TAMS 0x00000000fe900000, 0x00000000fe900000| Untracked 
|  42|0x00000000fea00000, 0x00000000fea00000, 0x00000000feb00000|  0%| F|  |TAMS 0x00000000fea00000, 0x00000000fea00000| Untracked 
|  43|0x00000000feb00000, 0x00000000febfda90, 0x00000000fec00000| 99%| E|  |TAMS 0x00000000feb00000, 0x00000000feb00000| Complete 
|  44|0x00000000fec00000, 0x00000000fed00000, 0x00000000fed00000|100%| E|CS|TAMS 0x00000000fec00000, 0x00000000fec00000| Complete 
|  45|0x00000000fed00000, 0x00000000fee00000, 0x00000000fee00000|100%| E|CS|TAMS 0x00000000fed00000, 0x00000000fed00000| Complete 
|  46|0x00000000fee00000, 0x00000000fef00000, 0x00000000fef00000|100%| E|CS|TAMS 0x00000000fee00000, 0x00000000fee00000| Complete 
|  47|0x00000000fef00000, 0x00000000ff000000, 0x00000000ff000000|100%| E|CS|TAMS 0x00000000fef00000, 0x00000000fef00000| Complete 
|  48|0x00000000ff000000, 0x00000000ff100000, 0x00000000ff100000|100%| E|CS|TAMS 0x00000000ff000000, 0x00000000ff000000| Complete 
|  49|0x00000000ff100000, 0x00000000ff200000, 0x00000000ff200000|100%| E|CS|TAMS 0x00000000ff100000, 0x00000000ff100000| Complete 
|  50|0x00000000ff200000, 0x00000000ff300000, 0x00000000ff300000|100%| E|  |TAMS 0x00000000ff200000, 0x00000000ff200000| Complete 
|  51|0x00000000ff300000, 0x00000000ff400000, 0x00000000ff400000|100%| E|CS|TAMS 0x00000000ff300000, 0x00000000ff300000| Complete 
|  52|0x00000000ff400000, 0x00000000ff500000, 0x00000000ff500000|100%| E|CS|TAMS 0x00000000ff400000, 0x00000000ff400000| Complete 
|  53|0x00000000ff500000, 0x00000000ff600000, 0x00000000ff600000|100%| E|CS|TAMS 0x00000000ff500000, 0x00000000ff500000| Complete 
|  54|0x00000000ff600000, 0x00000000ff700000, 0x00000000ff700000|100%| E|CS|TAMS 0x00000000ff600000, 0x00000000ff600000| Complete 
|  55|0x00000000ff700000, 0x00000000ff800000, 0x00000000ff800000|100%| E|CS|TAMS 0x00000000ff700000, 0x00000000ff700000| Complete 
|  56|0x00000000ff800000, 0x00000000ff900000, 0x00000000ff900000|100%| E|CS|TAMS 0x00000000ff800000, 0x00000000ff800000| Complete 
|  57|0x00000000ff900000, 0x00000000ffa00000, 0x00000000ffa00000|100%| E|CS|TAMS 0x00000000ff900000, 0x00000000ff900000| Complete 
|  58|0x00000000ffa00000, 0x00000000ffb00000, 0x00000000ffb00000|100%| E|CS|TAMS 0x00000000ffa00000, 0x00000000ffa00000| Complete 
|  59|0x00000000ffb00000, 0x00000000ffc00000, 0x00000000ffc00000|100%| E|CS|TAMS 0x00000000ffb00000, 0x00000000ffb00000| Complete 
|  60|0x00000000ffc00000, 0x00000000ffd00000, 0x00000000ffd00000|100%| E|CS|TAMS 0x00000000ffc00000, 0x00000000ffc00000| Complete 
|  61|0x00000000ffd00000, 0x00000000ffe00000, 0x00000000ffe00000|100%| E|CS|TAMS 0x00000000ffd00000, 0x00000000ffd00000| Complete 
|  62|0x00000000ffe00000, 0x00000000fff00000, 0x00000000fff00000|100%| E|CS|TAMS 0x00000000ffe00000, 0x00000000ffe00000| Complete 
|  63|0x00000000fff00000, 0x0000000100000000, 0x0000000100000000|100%| E|CS|TAMS 0x00000000fff00000, 0x00000000fff00000| Complete 

Card table byte_map: [0x0000021d0c390000,0x0000021d0c3b0000] _byte_map_base: 0x0000021d0bbb0000

Marking Bits (Prev, Next): (CMBitMap*) 0x0000021d0cf98180, (CMBitMap*) 0x0000021d0cf981c0
 Prev Bits: [0x0000021d24070000, 0x0000021d24170000)
 Next Bits: [0x0000021d24170000, 0x0000021d24270000)

Polling page: 0x0000021d0c340000

Metaspace:

Usage:
  Non-class:      2.53 MB used.
      Class:    303.66 KB used.
       Both:      2.83 MB used.

Virtual space:
  Non-class space:       64.00 MB reserved,       2.56 MB (  4%) committed,  1 nodes.
      Class space:        1.00 GB reserved,     384.00 KB ( <1%) committed,  1 nodes.
             Both:        1.06 GB reserved,       2.94 MB ( <1%) committed. 

Chunk freelists:
   Non-Class:  11.12 MB
       Class:  15.58 MB
        Both:  26.70 MB

MaxMetaspaceSize: unlimited
CompressedClassSpaceSize: 1.00 GB
Initial GC threshold: 21.00 MB
Current GC threshold: 21.00 MB
CDS: on
MetaspaceReclaimPolicy: balanced
 - commit_granule_bytes: 65536.
 - commit_granule_words: 8192.
 - virtual_space_node_default_size: 8388608.
 - enlarge_chunks_in_place: 1.
 - new_chunks_are_fully_committed: 0.
 - uncommit_free_chunks: 1.
 - use_allocation_guard: 0.
 - handle_deallocations: 1.


Internal statistics:

num_allocs_failed_limit: 0.
num_arena_births: 16.
num_arena_deaths: 0.
num_vsnodes_births: 2.
num_vsnodes_deaths: 0.
num_space_committed: 47.
num_space_uncommitted: 0.
num_chunks_returned_to_freelist: 0.
num_chunks_taken_from_freelist: 75.
num_chunk_merges: 0.
num_chunk_splits: 48.
num_chunks_enlarged: 42.
num_inconsistent_stats: 0.

CodeHeap 'non-profiled nmethods': size=119168Kb used=311Kb max_used=311Kb free=118856Kb
 bounds [0x0000021d1c390000, 0x0000021d1c600000, 0x0000021d237f0000]
CodeHeap 'profiled nmethods': size=119104Kb used=1515Kb max_used=1515Kb free=117588Kb
 bounds [0x0000021d147f0000, 0x0000021d14a60000, 0x0000021d1bc40000]
CodeHeap 'non-nmethods': size=7488Kb used=2250Kb max_used=2288Kb free=5238Kb
 bounds [0x0000021d1bc40000, 0x0000021d1beb0000, 0x0000021d1c390000]
 total_blobs=1226 nmethods=819 adapters=318
 compilation: enabled
              stopped_count=0, restarted_count=0
 full_count=0

Compilation events (20 events):
Event: 0.226 Thread 0x0000021d27633680  807  s!   4       jdk.internal.loader.URLClassPath::getLoader (194 bytes)
Event: 0.227 Thread 0x0000021d27434860 nmethod 808 0x0000021d1495fe90 code [0x0000021d14960140, 0x0000021d14960cf8]
Event: 0.227 Thread 0x0000021d27434860  811       3       sun.net.www.protocol.jar.Handler::canonicalizeString (72 bytes)
Event: 0.227 Thread 0x0000021d273e3fe0 nmethod 810 0x0000021d14961210 code [0x0000021d14961480, 0x0000021d14961f78]
Event: 0.227 Thread 0x0000021d273e3fe0  812       3       java.net.URLStreamHandler::setURL (159 bytes)
Event: 0.227 Thread 0x0000021d27434860 nmethod 811 0x0000021d14962310 code [0x0000021d14962600, 0x0000021d14963488]
Event: 0.227 Thread 0x0000021d27434860  814   !   3       java.lang.ClassLoader::addClass (27 bytes)
Event: 0.228 Thread 0x0000021d271b6d60 nmethod 809 0x0000021d14963a10 code [0x0000021d14963ea0, 0x0000021d14965b78]
Event: 0.228 Thread 0x0000021d273e3fe0 nmethod 812 0x0000021d14966590 code [0x0000021d14966920, 0x0000021d14967ea8]
Event: 0.228 Thread 0x0000021d271b6d60  819       3       java.util.regex.Pattern$CharProperty::<init> (10 bytes)
Event: 0.228 Thread 0x0000021d273e3fe0  815       3       jdk.internal.loader.URLClassPath$JarLoader$2::getCodeSourceURL (8 bytes)
Event: 0.228 Thread 0x0000021d273e3fe0 nmethod 815 0x0000021d14968790 code [0x0000021d14968920, 0x0000021d14968a38]
Event: 0.228 Thread 0x0000021d273e3fe0  816       3       jdk.internal.loader.URLClassPath$JarLoader$2::getManifest (26 bytes)
Event: 0.228 Thread 0x0000021d271b6d60 nmethod 819 0x0000021d14968b10 code [0x0000021d14968cc0, 0x0000021d14968f58]
Event: 0.228 Thread 0x0000021d271b6d60  817       3       java.util.jar.JavaUtilJarAccessImpl::ensureInitialization (5 bytes)
Event: 0.228 Thread 0x0000021d27434860 nmethod 814 0x0000021d14969010 code [0x0000021d149691e0, 0x0000021d149697a8]
Event: 0.228 Thread 0x0000021d271b6d60 nmethod 817 0x0000021d14969b10 code [0x0000021d14969cc0, 0x0000021d14969e28]
Event: 0.228 Thread 0x0000021d273e3fe0 nmethod 816 0x0000021d14969f10 code [0x0000021d1496a140, 0x0000021d1496a748]
Event: 0.229 Thread 0x0000021d271b6d60  820       3       java.util.jar.Manifest$FastInputStream::peek (38 bytes)
Event: 0.229 Thread 0x0000021d271b6d60 nmethod 820 0x0000021d1496aa90 code [0x0000021d1496ac40, 0x0000021d1496ae68]

GC Heap History (0 events):
No events

Deoptimization events (20 events):
Event: 0.149 Thread 0x0000021d0cf7b630 DEOPT PACKING pc=0x0000021d1c3bb4c0 sp=0x0000009473df9790
Event: 0.149 Thread 0x0000021d0cf7b630 DEOPT UNPACKING pc=0x0000021d1bc923a3 sp=0x0000009473df96b0 mode 2
Event: 0.168 Thread 0x0000021d0cf7b630 DEOPT PACKING pc=0x0000021d14832af7 sp=0x0000009473dfb770
Event: 0.168 Thread 0x0000021d0cf7b630 DEOPT UNPACKING pc=0x0000021d1bc92b43 sp=0x0000009473dfac30 mode 0
Event: 0.176 Thread 0x0000021d0cf7b630 Uncommon trap: trap_request=0xffffffde fr.pc=0x0000021d1c3b99f4 relative=0x0000000000000ef4
Event: 0.176 Thread 0x0000021d0cf7b630 Uncommon trap: reason=class_check action=maybe_recompile pc=0x0000021d1c3b99f4 method=java.util.HashMap.putVal(ILjava/lang/Object;Ljava/lang/Object;ZZ)Ljava/lang/Object; @ 203 c2
Event: 0.176 Thread 0x0000021d0cf7b630 DEOPT PACKING pc=0x0000021d1c3b99f4 sp=0x0000009473dfbd50
Event: 0.176 Thread 0x0000021d0cf7b630 DEOPT UNPACKING pc=0x0000021d1bc923a3 sp=0x0000009473dfbce0 mode 2
Event: 0.192 Thread 0x0000021d0cf7b630 Uncommon trap: trap_request=0xffffff45 fr.pc=0x0000021d1c3c24d8 relative=0x0000000000000418
Event: 0.192 Thread 0x0000021d0cf7b630 Uncommon trap: reason=unstable_if action=reinterpret pc=0x0000021d1c3c24d8 method=java.util.zip.ZipCoder$UTF8ZipCoder.checkedHash([BII)I @ 27 c2
Event: 0.192 Thread 0x0000021d0cf7b630 DEOPT PACKING pc=0x0000021d1c3c24d8 sp=0x0000009473dfb400
Event: 0.192 Thread 0x0000021d0cf7b630 DEOPT UNPACKING pc=0x0000021d1bc923a3 sp=0x0000009473dfb2c8 mode 2
Event: 0.192 Thread 0x0000021d0cf7b630 Uncommon trap: trap_request=0xffffff45 fr.pc=0x0000021d1c3993b4 relative=0x00000000000001b4
Event: 0.192 Thread 0x0000021d0cf7b630 Uncommon trap: reason=unstable_if action=reinterpret pc=0x0000021d1c3993b4 method=java.lang.String.hashCode()I @ 20 c2
Event: 0.192 Thread 0x0000021d0cf7b630 DEOPT PACKING pc=0x0000021d1c3993b4 sp=0x0000009473dfb200
Event: 0.192 Thread 0x0000021d0cf7b630 DEOPT UNPACKING pc=0x0000021d1bc923a3 sp=0x0000009473dfb190 mode 2
Event: 0.192 Thread 0x0000021d0cf7b630 Uncommon trap: trap_request=0xffffff45 fr.pc=0x0000021d1c3c0398 relative=0x0000000000000178
Event: 0.192 Thread 0x0000021d0cf7b630 Uncommon trap: reason=unstable_if action=reinterpret pc=0x0000021d1c3c0398 method=java.util.zip.ZipFile$Source.isMetaName([BII)Z @ 57 c2
Event: 0.192 Thread 0x0000021d0cf7b630 DEOPT PACKING pc=0x0000021d1c3c0398 sp=0x0000009473dfb410
Event: 0.192 Thread 0x0000021d0cf7b630 DEOPT UNPACKING pc=0x0000021d1bc923a3 sp=0x0000009473dfb3a0 mode 2

Classes unloaded (0 events):
No events

Classes redefined (0 events):
No events

Internal exceptions (1 events):
Event: 0.069 Thread 0x0000021d0cf7b630 Exception <a 'java/lang/NoSuchMethodError'{0x00000000ffcfc918}: 'int java.lang.invoke.DirectMethodHandle$Holder.invokeStaticInit(java.lang.Object, java.lang.Object)'> (0x00000000ffcfc918) 
thrown [s\open\src\hotspot\share\interpreter\linkResolver.cpp, line 759]

VM Operations (4 events):
Event: 0.032 Executing VM operation: HandshakeAllThreads
Event: 0.032 Executing VM operation: HandshakeAllThreads done
Event: 0.217 Executing VM operation: HandshakeAllThreads
Event: 0.217 Executing VM operation: HandshakeAllThreads done

Events (20 events):
Event: 0.209 loading class java/lang/reflect/ProxyGenerator$PrimitiveTypeInfo
Event: 0.209 loading class java/lang/reflect/ProxyGenerator$PrimitiveTypeInfo done
Event: 0.209 loading class jdk/internal/org/objectweb/asm/Edge
Event: 0.209 loading class jdk/internal/org/objectweb/asm/Edge done
Event: 0.210 loading class java/lang/IllegalAccessException
Event: 0.210 loading class java/lang/IllegalAccessException done
Event: 0.210 loading class java/lang/reflect/UndeclaredThrowableException
Event: 0.210 loading class java/lang/reflect/UndeclaredThrowableException done
Event: 0.210 loading class java/lang/reflect/Proxy$ProxyBuilder$1
Event: 0.210 loading class java/lang/reflect/Proxy$ProxyBuilder$1 done
Event: 0.211 loading class java/lang/reflect/InvocationTargetException
Event: 0.211 loading class java/lang/reflect/InvocationTargetException done
Event: 0.214 loading class java/util/LinkedList$ListItr
Event: 0.214 loading class java/util/LinkedList$ListItr done
Event: 0.215 loading class java/util/concurrent/ConcurrentLinkedQueue
Event: 0.215 loading class java/util/concurrent/ConcurrentLinkedQueue done
Event: 0.215 loading class java/util/concurrent/ConcurrentLinkedQueue$Node
Event: 0.215 loading class java/util/concurrent/ConcurrentLinkedQueue$Node done
Event: 0.216 loading class java/lang/reflect/ParameterizedType
Event: 0.216 loading class java/lang/reflect/ParameterizedType done


Dynamic libraries:
0x00007ff68a380000 - 0x00007ff68a390000 	C:\Program Files\Java\jdk-17\bin\java.exe
0x00007ffe1f670000 - 0x00007ffe1f868000 	C:\Windows\SYSTEM32\ntdll.dll
0x00007ffe1d8d0000 - 0x00007ffe1d98d000 	C:\Windows\System32\KERNEL32.DLL
0x00007ffe1d150000 - 0x00007ffe1d446000 	C:\Windows\System32\KERNELBASE.dll
0x00007ffe1a550000 - 0x00007ffe1a5e0000 	C:\Windows\SYSTEM32\apphelp.dll
0x00007ffe1cfe0000 - 0x00007ffe1d0e0000 	C:\Windows\System32\ucrtbase.dll
0x00007ffe12480000 - 0x00007ffe12499000 	C:\Program Files\Java\jdk-17\bin\jli.dll
0x00007ffe0be50000 - 0x00007ffe0be6b000 	C:\Program Files\Java\jdk-17\bin\VCRUNTIME140.dll
0x00007ffe1e240000 - 0x00007ffe1e2f3000 	C:\Windows\System32\ADVAPI32.dll
0x00007ffe1d990000 - 0x00007ffe1da2e000 	C:\Windows\System32\msvcrt.dll
0x00007ffe1f0a0000 - 0x00007ffe1f13f000 	C:\Windows\System32\sechost.dll
0x00007ffe1d6b0000 - 0x00007ffe1d7d6000 	C:\Windows\System32\RPCRT4.dll
0x00007ffe1d4f0000 - 0x00007ffe1d517000 	C:\Windows\System32\bcrypt.dll
0x00007ffe1eb30000 - 0x00007ffe1ecce000 	C:\Windows\System32\USER32.dll
0x00007ffe1ce50000 - 0x00007ffe1ce72000 	C:\Windows\System32\win32u.dll
0x00007ffe119d0000 - 0x00007ffe11c6a000 	C:\Windows\WinSxS\amd64_microsoft.windows.common-controls_6595b64144ccf1df_6.0.19041.3636_none_60b6a03d71f818d5\COMCTL32.dll
0x00007ffe1f600000 - 0x00007ffe1f62b000 	C:\Windows\System32\GDI32.dll
0x00007ffe1cd30000 - 0x00007ffe1ce47000 	C:\Windows\System32\gdi32full.dll
0x00007ffe1d450000 - 0x00007ffe1d4ed000 	C:\Windows\System32\msvcp_win.dll
0x00007ffe15ce0000 - 0x00007ffe15cea000 	C:\Windows\SYSTEM32\VERSION.dll
0x00007ffe1f140000 - 0x00007ffe1f172000 	C:\Windows\System32\IMM32.DLL
0x00000000458a0000 - 0x0000000045c49000 	D:\L2 Classic\JOGO\Lineage2\System\GameGuard\npggNT64.des
0x00007ffe1ce80000 - 0x00007ffe1cfdd000 	C:\Windows\System32\CRYPT32.dll
0x00007ffe1d0e0000 - 0x00007ffe1d147000 	C:\Windows\System32\WINTRUST.dll
0x00007ffe1c8f0000 - 0x00007ffe1c902000 	C:\Windows\SYSTEM32\MSASN1.dll
0x00007ffe1c6b0000 - 0x00007ffe1c6c8000 	C:\Windows\SYSTEM32\CRYPTSP.dll
0x00007ffe1bd80000 - 0x00007ffe1bdb4000 	C:\Windows\system32\rsaenh.dll
0x00007ffe1c6d0000 - 0x00007ffe1c6dc000 	C:\Windows\SYSTEM32\CRYPTBASE.dll
0x00007ffe1d5d0000 - 0x00007ffe1d652000 	C:\Windows\System32\bcryptPrimitives.dll
0x00007ffe0af10000 - 0x00007ffe0af1c000 	C:\Program Files\Java\jdk-17\bin\vcruntime140_1.dll
0x00007ffdf5810000 - 0x00007ffdf589e000 	C:\Program Files\Java\jdk-17\bin\msvcp140.dll
0x00007ffdb3e30000 - 0x00007ffdb4a0f000 	C:\Program Files\Java\jdk-17\bin\server\jvm.dll
0x00007ffe1dd10000 - 0x00007ffe1dd18000 	C:\Windows\System32\PSAPI.DLL
0x00007ffe0bc30000 - 0x00007ffe0bc57000 	C:\Windows\SYSTEM32\WINMM.dll
0x00007ffe189b0000 - 0x00007ffe189b9000 	C:\Windows\SYSTEM32\WSOCK32.dll
0x00007ffe1dca0000 - 0x00007ffe1dd0b000 	C:\Windows\System32\WS2_32.dll
0x00007ffe1ac00000 - 0x00007ffe1ac12000 	C:\Windows\SYSTEM32\kernel.appcore.dll
0x00007ffe0af00000 - 0x00007ffe0af0a000 	C:\Program Files\Java\jdk-17\bin\jimage.dll
0x00007ffe0fb40000 - 0x00007ffe0fd24000 	C:\Windows\SYSTEM32\DBGHELP.DLL
0x00007ffe05230000 - 0x00007ffe05264000 	C:\Windows\SYSTEM32\dbgcore.DLL
0x00007ffdfb630000 - 0x00007ffdfb655000 	C:\Program Files\Java\jdk-17\bin\java.dll
0x00007ffdecc10000 - 0x00007ffdecce7000 	C:\Program Files\Java\jdk-17\bin\jsvml.dll
0x00007ffe1e300000 - 0x00007ffe1ea45000 	C:\Windows\System32\SHELL32.dll
0x00007ffe1ae00000 - 0x00007ffe1b59c000 	C:\Windows\SYSTEM32\windows.storage.dll
0x00007ffe1f180000 - 0x00007ffe1f4d4000 	C:\Windows\System32\combase.dll
0x00007ffe1c760000 - 0x00007ffe1c78e000 	C:\Windows\SYSTEM32\Wldp.dll
0x00007ffe1ea50000 - 0x00007ffe1eb1d000 	C:\Windows\System32\OLEAUT32.dll
0x00007ffe1dd20000 - 0x00007ffe1ddcd000 	C:\Windows\System32\SHCORE.dll
0x00007ffe1ef10000 - 0x00007ffe1ef65000 	C:\Windows\System32\shlwapi.dll
0x00007ffe1cc60000 - 0x00007ffe1cc85000 	C:\Windows\SYSTEM32\profapi.dll
0x00007ffe03290000 - 0x00007ffe032a9000 	C:\Program Files\Java\jdk-17\bin\net.dll
0x00007ffe15e90000 - 0x00007ffe15f9a000 	C:\Windows\SYSTEM32\WINHTTP.dll
0x00007ffe1c4c0000 - 0x00007ffe1c52a000 	C:\Windows\system32\mswsock.dll
0x00007ffe03060000 - 0x00007ffe03076000 	C:\Program Files\Java\jdk-17\bin\nio.dll
0x00007ffe01140000 - 0x00007ffe01158000 	C:\Program Files\Java\jdk-17\bin\zip.dll
0x00007ffe05950000 - 0x00007ffe05960000 	C:\Program Files\Java\jdk-17\bin\verify.dll

dbghelp: loaded successfully - version: 4.0.5 - missing functions: none
symbol engine: initialized successfully - sym options: 0x614 - pdb path: .;C:\Program Files\Java\jdk-17\bin;C:\Windows\SYSTEM32;C:\Windows\WinSxS\amd64_microsoft.windows.common-controls_6595b64144ccf1df_6.0.19041.3636_none_60b6a03d71f818d5;D:\L2 Classic\JOGO\Lineage2\System\GameGuard;C:\Program Files\Java\jdk-17\bin\server

VM Arguments:
jvm_args: -Xmx64m -Xms64m -Dorg.gradle.appname=gradlew 
java_command: org.gradle.wrapper.GradleWrapperMain app:installDebug -PreactNativeDevServerPort=8081
java_class_path (initial): C:\Users\Winckler\Desktop\1 semestre\ATV_3\TaskManager\android\\gradle\wrapper\gradle-wrapper.jar
Launcher Type: SUN_STANDARD

[Global flags]
     intx CICompilerCount                          = 12                                        {product} {ergonomic}
     uint ConcGCThreads                            = 3                                         {product} {ergonomic}
     uint G1ConcRefinementThreads                  = 13                                        {product} {ergonomic}
   size_t G1HeapRegionSize                         = 1048576                                   {product} {ergonomic}
    uintx GCDrainStackTargetSize                   = 64                                        {product} {ergonomic}
   size_t InitialHeapSize                          = 67108864                                  {product} {command line}
   size_t MarkStackSize                            = 4194304                                   {product} {ergonomic}
   size_t MaxHeapSize                              = 67108864                                  {product} {command line}
   size_t MaxNewSize                               = 39845888                                  {product} {ergonomic}
   size_t MinHeapDeltaBytes                        = 1048576                                   {product} {ergonomic}
   size_t MinHeapSize                              = 67108864                                  {product} {command line}
    uintx NonNMethodCodeHeapSize                   = 7602480                                {pd product} {ergonomic}
    uintx NonProfiledCodeHeapSize                  = 122027880                              {pd product} {ergonomic}
    uintx ProfiledCodeHeapSize                     = 122027880                              {pd product} {ergonomic}
    uintx ReservedCodeCacheSize                    = 251658240                              {pd product} {ergonomic}
     bool SegmentedCodeCache                       = true                                      {product} {ergonomic}
   size_t SoftMaxHeapSize                          = 67108864                               {manageable} {ergonomic}
     bool UseCompressedClassPointers               = true                           {product lp64_product} {ergonomic}
     bool UseCompressedOops                        = true                           {product lp64_product} {ergonomic}
     bool UseG1GC                                  = true                                      {product} {ergonomic}
     bool UseLargePagesIndividualAllocation        = false                                  {pd product} {ergonomic}

Logging:
Log output configuration:
 #0: stdout all=warning uptime,level,tags
 #1: stderr all=off uptime,level,tags

Environment Variables:
JAVA_HOME=C:\Program Files\Java\jdk-17
CLASSPATH=C:\Users\Winckler\Desktop\1 semestre\ATV_3\TaskManager\android\\gradle\wrapper\gradle-wrapper.jar
PATH=C:\Users\Winckler\Desktop\1 semestre\ATV_3\TaskManager\node_modules\.bin;C:\Users\Winckler\Desktop\1 semestre\ATV_3\TaskManager\node_modules\.bin;C:\Users\Winckler\Desktop\1 semestre\ATV_3\node_modules\.bin;C:\Users\Winckler\Desktop\1 semestre\node_modules\.bin;C:\Users\Winckler\Desktop\node_modules\.bin;C:\Users\Winckler\node_modules\.bin;C:\Users\node_modules\.bin;C:\node_modules\.bin;C:\Users\Winckler\AppData\Roaming\npm\node_modules\npm\node_modules\@npmcli\run-script\lib\node-gyp-bin;C:\Users\Winckler\Desktop\1 semestre\ATV_3\TaskManager\node_modules\.bin;C:\Users\Winckler\Desktop\1 semestre\ATV_3\node_modules\.bin;C:\Users\Winckler\Desktop\1 semestre\node_modules\.bin;C:\Users\Winckler\Desktop\node_modules\.bin;C:\Users\Winckler\node_modules\.bin;C:\Users\node_modules\.bin;C:\node_modules\.bin;C:\Users\Winckler\AppData\Roaming\npm\node_modules\npm\node_modules\@npmcli\run-script\lib\node-gyp-bin;C:\Program Files\Common Files\Oracle\Java\javapath;C:\Program Files (x86)\Common Files\Oracle\Java\javapath;C:\Python311\Scripts\;C:\Python311\;C:\Windows\system32;C:\Windows;C:\Windows\System32\Wbem;C:\Windows\System32\WindowsPowerShell\v1.0\;C:\Windows\System32\OpenSSH\;C:\Program Files (x86)\NVIDIA Corporation\PhysX\Common;C:\Program Files\NVIDIA Corporation\NVIDIA NvDLISR;C:\Program Files\dotnet\;C:\Program Files\Process Lasso\;C:\Program Files\Microsoft SQL Server\150\Tools\Binn\;C:\Program Files\Microsoft SQL Server\Client SDK\ODBC\170\Tools\Binn\;C:\ProgramData\chocolatey\bin;C:\ProgramData\nvm;C:\Program Files\nodejs;C:\Program Files\Docker\Docker\resources\bin;C:\Program Files\nodejs\;C:\Program Files\Git\cmd;C:\Program Files\Cloudflare\Cloudflare WARP\;C:\Program Files\Java\jdk-17;C:\ProgramData\chocolatey\lib\gradle\tools\gradle-8.6\bin;C:\Users\Winckler\AppData\Roaming\npm;C:\Users\Winckler\.dotnet\tools;C:\Users\Winckler\AppData\Local\Android\Sdk\platform-tools;D:\SENAC\Android\SDK\tools\bin
USERNAME=Winckler
LANG=en_US.UTF-8
OS=Windows_NT
PROCESSOR_IDENTIFIER=Intel64 Family 6 Model 151 Stepping 2, GenuineIntel



---------------  S Y S T E M  ---------------

OS:
 Windows 10 , 64 bit Build 19041 (10.0.19041.3636)
OS uptime: 6 days 11:04 hours

CPU: total 16 (initial active 16) (8 cores per cpu, 2 threads per core) family 6 model 151 stepping 2 microcode 0x2c, cx8, cmov, fxsr, ht, mmx, 3dnowpref, sse, sse2, sse3, ssse3, sse4.1, sse4.2, popcnt, lzcnt, tsc, tscinvbit, avx, avx2, aes, erms, clmul, bmi1, bmi2, adx, sha, fma, vzeroupper, clflush, clflushopt, clwb

Memory: 4k page, system-wide physical 32606M (16038M free)
TotalPageFile size 93573M (AvailPageFile size 20M)
current process WorkingSet (physical memory assigned to process): 82M, peak: 83M
current process commit charge ("private bytes"): 177M, peak: 179M

vm_info: Java HotSpot(TM) 64-Bit Server VM (17.0.10+11-LTS-240) for windows-amd64 JRE (17.0.10+11-LTS-240), built on Dec 19 2023 21:47:25 by "mach5one" with MS VC++ 17.1 (VS2022)

END.
